[[0 0 2 0 0 0 0 0 0]
 [1 1 2 1 0 0 0 0 0]
 [2 1 1 1 0 0 0 0 0]
 [2 0 0 0 0 0 0 0 0]
 [0 0 0 0 0 0 0 0 0]
 [0 0 0 0 0 0 0 0 0]
 [0 0 0 0 0 0 0 0 0]
 [0 0 0 0 0 0 0 0 0]]
{(4, 0), (0, 0), (7, 0), (8, 0), (3, 0), (5, 0), (6, 0), (1, 0)}
(2, 1)
adding
{(0, 0), (7, 0), (8, 0), (3, 0), (5, 0), (6, 0), (1, 0)}
(5, 1)
adding
{(0, 0), (7, 0), (5, 1), (8, 0), (3, 0), (5, 0), (6, 0), (1, 0)}
(4, 1)
adding
{(0, 0), (5, 1), (8, 0), (3, 0), (5, 0), (6, 0), (1, 0), (4, 1)}
(8, 1)
adding
{(0, 0), (8, 1), (5, 1), (8, 0), (3, 0), (5, 0), (6, 0), (1, 0), (4, 1)}
(7, 1)
adding
{(7, 1), (0, 0), (8, 1), (5, 1), (8, 0), (3, 0), (5, 0), (6, 0), (1, 0), (4, 1)}
(6, 1)
adding
{(6, 1), (4, 1), (5, 1), (8, 1)}
(8, 2)
adding
{(8, 1), (6, 1), (5, 1), (8, 2), (4, 1)}
(7, 2)
adding
{(8, 1), (6, 1), (5, 1), (7, 2), (8, 2), (4, 1)}
(6, 2)
adding
{(6, 2), (5, 1), (7, 2), (8, 2), (4, 1)}
(5, 2)
adding
{(6, 2), (5, 1), (7, 2), (8, 2), (5, 2)}
(4, 2)
adding
{(4, 2), (8, 2), (7, 2), (5, 2)}
(7, 3)
adding
{(4, 2), (7, 3), (7, 2), (8, 2), (5, 2)}
(6, 3)
adding
{(4, 2), (7, 3), (7, 2), (8, 2), (6, 3), (5, 2)}
(5, 3)
adding
{(4, 2), (7, 3), (5, 3), (8, 2), (6, 3), (5, 2)}
(8, 3)
adding
{(7, 3), (8, 3), (5, 3), (6, 3), (5, 2)}
(4, 3)
adding
{(4, 3), (7, 3), (8, 3), (5, 3), (6, 3), (5, 2)}
(3, 3)
adding
{(4, 3), (8, 3), (3, 3), (5, 3), (6, 3)}
(8, 4)
adding
{(8, 4), (4, 3), (8, 3), (3, 3), (5, 3), (6, 3)}
(7, 4)
adding
{(7, 4), (8, 4), (4, 3), (8, 3), (3, 3), (5, 3), (6, 3)}
(6, 4)
